[18:07:40] [Client thread/INFO]: Setting user: Player971
[18:07:40] [Client thread/INFO]: (Session ID is token:0:Player971)
[18:07:42] [Client thread/INFO]: LWJGL Version: 2.9.4
[18:07:42] [Client thread/INFO]: Reloading ResourceManager: Default
[18:07:43] [Sound Library Loader/INFO]: Starting up SoundSystem...
[18:07:43] [Thread-6/INFO]: Initializing LWJGL OpenAL
[18:07:43] [Thread-6/INFO]: (The LWJGL binding of OpenAL.  For more information, see http://www.lwjgl.org)
[18:07:43] [Thread-6/INFO]: OpenAL initialized.
[18:07:43] [Sound Library Loader/INFO]: Sound engine started
[18:07:51] [Client thread/INFO]: Created: 1024x512 textures-atlas
[18:10:57] [Alt Login Thread/INFO]: Logging in with username & password
[18:11:07] [Client thread/INFO]: Connecting to play.hivemc.com, 25565
[18:11:08] [Client thread/INFO]: [CHAT] 
[18:11:08] [Client thread/INFO]: [CHAT] ???????????? GG ACHIEVEMENT GET! GG ???????????
[18:11:08] [Client thread/INFO]: [CHAT]  Name
[18:11:08] [Client thread/INFO]: [CHAT]  Happy Fifth Beeday
[18:11:08] [Client thread/INFO]: [CHAT]  Description
[18:11:08] [Client thread/INFO]: [CHAT]  Join The Hive five years (or more!) after your first join.
[18:11:08] [Client thread/INFO]: [CHAT] ????????????????????????????????????????????
[18:11:08] [Client thread/INFO]: [CHAT] 
[18:11:08] [Client thread/INFO]: [CHAT] A new §eOptiFine§f version is available: §eHD Ultra I7§f
[18:11:10] [Client thread/INFO]: [CHAT] §aEnabled §d§lÂ§cÂ§lPlayerÂ§aÂ§lAura.
[18:11:11] [Client thread/INFO]: [CHAT] §9Michaa2008 » do you tell to me and my sister in polisch
[18:11:12] [Client thread/INFO]: [CHAT] §cDisabled §d§lÂ§cÂ§lPlayerÂ§aÂ§lAura.
[18:11:33] [Client thread/INFO]: [CHAT] §9ExoExodus » polisch
[18:11:35] [Client thread/INFO]: [CHAT] §9ExoExodus » wtt
[18:11:37] [Client thread/INFO]: [CHAT] 
[18:11:37] [Client thread/INFO]: [CHAT] [?] Want to join FULL servers? Upgrade today @ hivemc.com/go/ranks
[18:11:37] [Client thread/INFO]: [CHAT] 
[18:11:37] [Client thread/INFO]: [CHAT] §9Nata_Game12 » yes
[18:11:41] [Client thread/INFO]: [CHAT] §9ExoExodus » ho
[18:11:46] [Client thread/INFO]: [CHAT] §aEnabled §d§lAntiBotWatchDog.
[18:11:48] [Client thread/INFO]: [CHAT] §cDisabled §d§lAntiBotWatchDog.
[18:11:54] [Client thread/INFO]: [CHAT] §9ExoExodus » kurwa masz
[18:11:54] [Client thread/INFO]: [CHAT] §9Nata_Game12 » what?
[18:11:56] [Client thread/INFO]: [CHAT] §9Michaa2008 » what ho
[18:12:02] [Client thread/INFO]: [CHAT] §aEnabled §d§lAntiBotWatchDog.
[18:12:04] [Client thread/INFO]: [CHAT] §9Nata_Game12 » fajnie xd
[18:12:07] [Client thread/INFO]: [CHAT] §cDisabled §d§lAntiBotWatchDog.
[18:12:08] [Client thread/INFO]: [CHAT] §aEnabled §d§lÂ§cÂ§lPlayerÂ§aÂ§lAura.
[18:12:09] [Client thread/INFO]: [CHAT] §9ExoExodus » ja niesom polak
[18:12:15] [Client thread/INFO]: [CHAT] §cDisabled §d§lÂ§cÂ§lPlayerÂ§aÂ§lAura.
[18:12:20] [Client thread/INFO]: [CHAT] §9Nata_Game12 » no to masz xd
[18:12:23] [Client thread/INFO]: [CHAT] §9ExoExodus » nie
[18:12:34] [Alt Login Thread/INFO]: Logging in with username & password
[18:12:39] [Client thread/INFO]: Connecting to play.hivemc.com, 25565
[18:12:41] [Client thread/INFO]: [CHAT] §aEnabled §d§lFly.
[18:12:42] [Client thread/INFO]: [CHAT] §cDisabled §d§lÂ§bÂ§lVanillaÂ§aÂ§lFly.
[18:12:44] [Client thread/INFO]: [CHAT] §aEnabled §d§lÂ§cÂ§lPlayerÂ§aÂ§lAura.
[18:12:45] [Client thread/INFO]: [CHAT] §cDisabled §d§lÂ§cÂ§lPlayerÂ§aÂ§lAura.
[18:12:47] [Client thread/INFO]: [CHAT] §aEnabled §d§lSprint.
[18:13:01] [Client thread/INFO]: [CHAT]                                      
[18:13:01] [Client thread/INFO]: [CHAT] ? SkyGiants:Mini ? Vote for a map! Use /v # or click here.
[18:13:01] [Client thread/INFO]: [CHAT] ? SkyGiants:Mini ? 1. Town Hall [0 Votes]
[18:13:01] [Client thread/INFO]: [CHAT] ? SkyGiants:Mini ? 2. Babylon [5 Votes]
[18:13:01] [Client thread/INFO]: [CHAT] ? SkyGiants:Mini ? 3. Sanctum [0 Votes]
[18:13:01] [Client thread/INFO]: [CHAT] ? SkyGiants:Mini ? 4. Oasis [0 Votes]
[18:13:01] [Client thread/INFO]: [CHAT] ? SkyGiants:Mini ? 5. Gwolith [0 Votes]
[18:13:01] [Client thread/INFO]: [CHAT] ? SkyGiants:Mini ? 6. Random map [0 Votes]
[18:13:01] [Client thread/INFO]: [CHAT] ctrobbins1 is ready to play!
[18:13:13] [Client thread/INFO]: [CHAT] §8? §aSky§b§lGiants§a§l:Mini§8 ? §6§9ImZaKng §7 wants to team![Accept]
[18:13:20] [Client thread/INFO]: [CHAT] ? SkyGiants:Mini ? You are now teamed up with ImZaKng!
[18:13:32] [Client thread/INFO]: [CHAT] §aEnabled §d§lÂ§bÂ§lVanillaÂ§aÂ§lFly.
[18:13:37] [Client thread/INFO]: [CHAT] 
[18:13:37] [Client thread/INFO]: [CHAT] [?] Stat resets now support most games! Purchase @ hivemc.com/go/stats
[18:13:37] [Client thread/INFO]: [CHAT] 
[18:13:37] [Client thread/INFO]: [CHAT] §cDisabled §d§lÂ§bÂ§lVanillaÂ§aÂ§lFly.
[18:13:42] [Client thread/INFO]: [CHAT] §e20§8 ? §7Dwarf §9pengooin§8 » §fare you playing 1.15
[18:13:44] [Client thread/INFO]: [CHAT] §aEnabled §d§lFullbright.
